{"/Users/ren/IdeaProjects/starter-series/discord-bot-starter/src/commands/help.js": {"path":"/Users/ren/IdeaProjects/starter-series/discord-bot-starter/src/commands/help.js","statementMap":{"0":{"start":{"line":1,"column":46},"end":{"line":1,"column":67}},"1":{"start":{"line":3,"column":0},"end":{"line":21,"column":2}},"2":{"start":{"line":9,"column":21},"end":{"line":9,"column":48}},"3":{"start":{"line":10,"column":18},"end":{"line":17,"column":7}},"4":{"start":{"line":15,"column":24},"end":{"line":15,"column":73}},"5":{"start":{"line":19,"column":4},"end":{"line":19,"column":49}}},"fnMap":{"0":{"name":"(anonymous_0)","decl":{"start":{"line":8,"column":2},"end":{"line":8,"column":3}},"loc":{"start":{"line":8,"column":29},"end":{"line":20,"column":3}},"line":8},"1":{"name":"(anonymous_1)","decl":{"start":{"line":15,"column":15},"end":{"line":15,"column":16}},"loc":{"start":{"line":15,"column":24},"end":{"line":15,"column":73}},"line":15}},"branchMap":{},"s":{"0":1,"1":1,"2":0,"3":0,"4":0,"5":0},"f":{"0":0,"1":0},"b":{},"_coverageSchema":"1a1c01bbd47fc00a2c39e90264f33305004495a9","hash":"2ec06670184f40733f8a866ac00d895cf7063013"}
,"/Users/ren/IdeaProjects/starter-series/discord-bot-starter/src/commands/ping.js": {"path":"/Users/ren/IdeaProjects/starter-series/discord-bot-starter/src/commands/ping.js","statementMap":{"0":{"start":{"line":1,"column":32},"end":{"line":1,"column":53}},"1":{"start":{"line":3,"column":0},"end":{"line":19,"column":2}},"2":{"start":{"line":9,"column":21},"end":{"line":12,"column":6}},"3":{"start":{"line":13,"column":17},"end":{"line":13,"column":42}},"4":{"start":{"line":14,"column":20},"end":{"line":14,"column":72}},"5":{"start":{"line":15,"column":4},"end":{"line":17,"column":6}}},"fnMap":{"0":{"name":"(anonymous_0)","decl":{"start":{"line":8,"column":2},"end":{"line":8,"column":3}},"loc":{"start":{"line":8,"column":29},"end":{"line":18,"column":3}},"line":8}},"branchMap":{},"s":{"0":1,"1":1,"2":1,"3":1,"4":1,"5":1},"f":{"0":1},"b":{},"_coverageSchema":"1a1c01bbd47fc00a2c39e90264f33305004495a9","hash":"40e8bc76dba9968620cf239e33156eb70801d54c"}
,"/Users/ren/IdeaProjects/starter-series/discord-bot-starter/src/commands/search.js": {"path":"/Users/ren/IdeaProjects/starter-series/discord-bot-starter/src/commands/search.js","statementMap":{"0":{"start":{"line":1,"column":32},"end":{"line":1,"column":53}},"1":{"start":{"line":4,"column":16},"end":{"line":15,"column":1}},"2":{"start":{"line":17,"column":0},"end":{"line":43,"column":2}},"3":{"start":{"line":22,"column":6},"end":{"line":26,"column":26}},"4":{"start":{"line":30,"column":18},"end":{"line":30,"column":56}},"5":{"start":{"line":31,"column":4},"end":{"line":31,"column":56}},"6":{"start":{"line":35,"column":20},"end":{"line":35,"column":66}},"7":{"start":{"line":36,"column":20},"end":{"line":39,"column":57}},"8":{"start":{"line":36,"column":47},"end":{"line":36,"column":85}},"9":{"start":{"line":39,"column":24},"end":{"line":39,"column":55}},"10":{"start":{"line":41,"column":4},"end":{"line":41,"column":39}}},"fnMap":{"0":{"name":"(anonymous_0)","decl":{"start":{"line":21,"column":21},"end":{"line":21,"column":22}},"loc":{"start":{"line":22,"column":6},"end":{"line":26,"column":26}},"line":22},"1":{"name":"(anonymous_1)","decl":{"start":{"line":29,"column":2},"end":{"line":29,"column":3}},"loc":{"start":{"line":29,"column":29},"end":{"line":32,"column":3}},"line":29},"2":{"name":"(anonymous_2)","decl":{"start":{"line":34,"column":2},"end":{"line":34,"column":3}},"loc":{"start":{"line":34,"column":34},"end":{"line":42,"column":3}},"line":34},"3":{"name":"(anonymous_3)","decl":{"start":{"line":36,"column":35},"end":{"line":36,"column":36}},"loc":{"start":{"line":36,"column":47},"end":{"line":36,"column":85}},"line":36},"4":{"name":"(anonymous_4)","decl":{"start":{"line":39,"column":11},"end":{"line":39,"column":12}},"loc":{"start":{"line":39,"column":24},"end":{"line":39,"column":55}},"line":39}},"branchMap":{},"s":{"0":1,"1":1,"2":1,"3":1,"4":1,"5":1,"6":1,"7":1,"8":10,"9":2,"10":1},"f":{"0":1,"1":1,"2":1,"3":10,"4":2},"b":{},"_coverageSchema":"1a1c01bbd47fc00a2c39e90264f33305004495a9","hash":"d483f9754da8f0be9d5a4202b8c56e880cbcd72d"}
,"/Users/ren/IdeaProjects/starter-series/discord-bot-starter/src/events/error.js": {"path":"/Users/ren/IdeaProjects/starter-series/discord-bot-starter/src/events/error.js","statementMap":{"0":{"start":{"line":1,"column":19},"end":{"line":1,"column":40}},"1":{"start":{"line":2,"column":15},"end":{"line":2,"column":39}},"2":{"start":{"line":4,"column":0},"end":{"line":9,"column":2}},"3":{"start":{"line":7,"column":4},"end":{"line":7,"column":85}}},"fnMap":{"0":{"name":"(anonymous_0)","decl":{"start":{"line":6,"column":2},"end":{"line":6,"column":3}},"loc":{"start":{"line":6,"column":17},"end":{"line":8,"column":3}},"line":6}},"branchMap":{},"s":{"0":1,"1":1,"2":1,"3":0},"f":{"0":0},"b":{},"_coverageSchema":"1a1c01bbd47fc00a2c39e90264f33305004495a9","hash":"783ac2c7f7abf252c16c5a3620d1b1a5ca9a1b1e"}
,"/Users/ren/IdeaProjects/starter-series/discord-bot-starter/src/events/interactionCreate.js": {"path":"/Users/ren/IdeaProjects/starter-series/discord-bot-starter/src/events/interactionCreate.js","statementMap":{"0":{"start":{"line":1,"column":33},"end":{"line":1,"column":54}},"1":{"start":{"line":2,"column":15},"end":{"line":2,"column":39}},"2":{"start":{"line":3,"column":30},"end":{"line":3,"column":60}},"3":{"start":{"line":4,"column":24},"end":{"line":4,"column":58}},"4":{"start":{"line":6,"column":16},"end":{"line":6,"column":44}},"5":{"start":{"line":8,"column":0},"end":{"line":8,"column":54}},"6":{"start":{"line":8,"column":18},"end":{"line":8,"column":35}},"7":{"start":{"line":10,"column":0},"end":{"line":57,"column":2}},"8":{"start":{"line":14,"column":4},"end":{"line":23,"column":5}},"9":{"start":{"line":15,"column":22},"end":{"line":15,"column":78}},"10":{"start":{"line":16,"column":6},"end":{"line":16,"column":73}},"11":{"start":{"line":16,"column":66},"end":{"line":16,"column":73}},"12":{"start":{"line":17,"column":6},"end":{"line":21,"column":7}},"13":{"start":{"line":18,"column":8},"end":{"line":18,"column":48}},"14":{"start":{"line":20,"column":8},"end":{"line":20,"column":122}},"15":{"start":{"line":22,"column":6},"end":{"line":22,"column":13}},"16":{"start":{"line":25,"column":4},"end":{"line":25,"column":50}},"17":{"start":{"line":25,"column":43},"end":{"line":25,"column":50}},"18":{"start":{"line":27,"column":20},"end":{"line":27,"column":76}},"19":{"start":{"line":28,"column":4},"end":{"line":35,"column":5}},"20":{"start":{"line":29,"column":6},"end":{"line":29,"column":86}},"21":{"start":{"line":30,"column":6},"end":{"line":33,"column":9}},"22":{"start":{"line":34,"column":6},"end":{"line":34,"column":13}},"23":{"start":{"line":37,"column":38},"end":{"line":37,"column":72}},"24":{"start":{"line":38,"column":4},"end":{"line":45,"column":5}},"25":{"start":{"line":39,"column":6},"end":{"line":39,"column":83}},"26":{"start":{"line":40,"column":6},"end":{"line":43,"column":9}},"27":{"start":{"line":44,"column":6},"end":{"line":44,"column":13}},"28":{"start":{"line":47,"column":4},"end":{"line":55,"column":5}},"29":{"start":{"line":48,"column":6},"end":{"line":48,"column":41}},"30":{"start":{"line":50,"column":6},"end":{"line":50,"column":112}},"31":{"start":{"line":51,"column":6},"end":{"line":54,"column":9}}},"fnMap":{"0":{"name":"(anonymous_0)","decl":{"start":{"line":8,"column":12},"end":{"line":8,"column":13}},"loc":{"start":{"line":8,"column":18},"end":{"line":8,"column":35}},"line":8},"1":{"name":"(anonymous_1)","decl":{"start":{"line":12,"column":2},"end":{"line":12,"column":3}},"loc":{"start":{"line":12,"column":29},"end":{"line":56,"column":3}},"line":12}},"branchMap":{"0":{"loc":{"start":{"line":14,"column":4},"end":{"line":23,"column":5}},"type":"if","locations":[{"start":{"line":14,"column":4},"end":{"line":23,"column":5}},{"start":{},"end":{}}],"line":14},"1":{"loc":{"start":{"line":16,"column":6},"end":{"line":16,"column":73}},"type":"if","locations":[{"start":{"line":16,"column":6},"end":{"line":16,"column":73}},{"start":{},"end":{}}],"line":16},"2":{"loc":{"start":{"line":16,"column":10},"end":{"line":16,"column":64}},"type":"binary-expr","locations":[{"start":{"line":16,"column":10},"end":{"line":16,"column":18}},{"start":{"line":16,"column":22},"end":{"line":16,"column":64}}],"line":16},"3":{"loc":{"start":{"line":25,"column":4},"end":{"line":25,"column":50}},"type":"if","locations":[{"start":{"line":25,"column":4},"end":{"line":25,"column":50}},{"start":{},"end":{}}],"line":25},"4":{"loc":{"start":{"line":28,"column":4},"end":{"line":35,"column":5}},"type":"if","locations":[{"start":{"line":28,"column":4},"end":{"line":35,"column":5}},{"start":{},"end":{}}],"line":28},"5":{"loc":{"start":{"line":38,"column":4},"end":{"line":45,"column":5}},"type":"if","locations":[{"start":{"line":38,"column":4},"end":{"line":45,"column":5}},{"start":{},"end":{}}],"line":38}},"s":{"0":1,"1":1,"2":1,"3":1,"4":1,"5":1,"6":0,"7":1,"8":0,"9":0,"10":0,"11":0,"12":0,"13":0,"14":0,"15":0,"16":0,"17":0,"18":0,"19":0,"20":0,"21":0,"22":0,"23":0,"24":0,"25":0,"26":0,"27":0,"28":0,"29":0,"30":0,"31":0},"f":{"0":0,"1":0},"b":{"0":[0,0],"1":[0,0],"2":[0,0],"3":[0,0],"4":[0,0],"5":[0,0]},"_coverageSchema":"1a1c01bbd47fc00a2c39e90264f33305004495a9","hash":"91d24398070d8c4147635f94fb00fc521539c442"}
,"/Users/ren/IdeaProjects/starter-series/discord-bot-starter/src/events/ready.js": {"path":"/Users/ren/IdeaProjects/starter-series/discord-bot-starter/src/events/ready.js","statementMap":{"0":{"start":{"line":1,"column":19},"end":{"line":1,"column":40}},"1":{"start":{"line":2,"column":15},"end":{"line":2,"column":39}},"2":{"start":{"line":4,"column":0},"end":{"line":10,"column":2}},"3":{"start":{"line":8,"column":4},"end":{"line":8,"column":60}}},"fnMap":{"0":{"name":"(anonymous_0)","decl":{"start":{"line":7,"column":2},"end":{"line":7,"column":3}},"loc":{"start":{"line":7,"column":18},"end":{"line":9,"column":3}},"line":7}},"branchMap":{},"s":{"0":1,"1":1,"2":1,"3":0},"f":{"0":0},"b":{},"_coverageSchema":"1a1c01bbd47fc00a2c39e90264f33305004495a9","hash":"c696a2dba6995d6782a7a647611e7ef1b0ad5968"}
,"/Users/ren/IdeaProjects/starter-series/discord-bot-starter/src/events/warn.js": {"path":"/Users/ren/IdeaProjects/starter-series/discord-bot-starter/src/events/warn.js","statementMap":{"0":{"start":{"line":1,"column":19},"end":{"line":1,"column":40}},"1":{"start":{"line":2,"column":15},"end":{"line":2,"column":39}},"2":{"start":{"line":4,"column":0},"end":{"line":9,"column":2}},"3":{"start":{"line":7,"column":4},"end":{"line":7,"column":36}}},"fnMap":{"0":{"name":"(anonymous_0)","decl":{"start":{"line":6,"column":2},"end":{"line":6,"column":3}},"loc":{"start":{"line":6,"column":19},"end":{"line":8,"column":3}},"line":6}},"branchMap":{},"s":{"0":1,"1":1,"2":1,"3":0},"f":{"0":0},"b":{},"_coverageSchema":"1a1c01bbd47fc00a2c39e90264f33305004495a9","hash":"23cdd6f655a8383e1d38930acb1a64041582ac17"}
,"/Users/ren/IdeaProjects/starter-series/discord-bot-starter/src/lib/health.js": {"path":"/Users/ren/IdeaProjects/starter-series/discord-bot-starter/src/lib/health.js","statementMap":{"0":{"start":{"line":1,"column":13},"end":{"line":1,"column":28}},"1":{"start":{"line":2,"column":12},"end":{"line":2,"column":31}},"2":{"start":{"line":20,"column":15},"end":{"line":20,"column":72}},"3":{"start":{"line":22,"column":17},"end":{"line":39,"column":4}},"4":{"start":{"line":23,"column":4},"end":{"line":27,"column":5}},"5":{"start":{"line":24,"column":6},"end":{"line":24,"column":65}},"6":{"start":{"line":25,"column":6},"end":{"line":25,"column":54}},"7":{"start":{"line":26,"column":6},"end":{"line":26,"column":13}},"8":{"start":{"line":29,"column":18},"end":{"line":29,"column":45}},"9":{"start":{"line":30,"column":19},"end":{"line":30,"column":36}},"10":{"start":{"line":31,"column":17},"end":{"line":35,"column":5}},"11":{"start":{"line":37,"column":4},"end":{"line":37,"column":66}},"12":{"start":{"line":38,"column":4},"end":{"line":38,"column":34}},"13":{"start":{"line":41,"column":2},"end":{"line":43,"column":5}},"14":{"start":{"line":42,"column":4},"end":{"line":42,"column":71}},"15":{"start":{"line":46,"column":4},"end":{"line":51,"column":7}},"16":{"start":{"line":47,"column":6},"end":{"line":50,"column":9}},"17":{"start":{"line":48,"column":8},"end":{"line":48,"column":66}},"18":{"start":{"line":49,"column":8},"end":{"line":49,"column":24}},"19":{"start":{"line":55,"column":4},"end":{"line":57,"column":7}},"20":{"start":{"line":56,"column":6},"end":{"line":56,"column":36}},"21":{"start":{"line":56,"column":25},"end":{"line":56,"column":34}},"22":{"start":{"line":60,"column":2},"end":{"line":60,"column":23}},"23":{"start":{"line":61,"column":2},"end":{"line":61,"column":21}},"24":{"start":{"line":62,"column":2},"end":{"line":62,"column":16}},"25":{"start":{"line":65,"column":0},"end":{"line":65,"column":40}}},"fnMap":{"0":{"name":"createHealthServer","decl":{"start":{"line":19,"column":9},"end":{"line":19,"column":27}},"loc":{"start":{"line":19,"column":50},"end":{"line":63,"column":1}},"line":19},"1":{"name":"(anonymous_1)","decl":{"start":{"line":22,"column":35},"end":{"line":22,"column":36}},"loc":{"start":{"line":22,"column":49},"end":{"line":39,"column":3}},"line":22},"2":{"name":"(anonymous_2)","decl":{"start":{"line":41,"column":21},"end":{"line":41,"column":22}},"loc":{"start":{"line":41,"column":30},"end":{"line":43,"column":3}},"line":41},"3":{"name":"start","decl":{"start":{"line":45,"column":11},"end":{"line":45,"column":16}},"loc":{"start":{"line":45,"column":19},"end":{"line":52,"column":3}},"line":45},"4":{"name":"(anonymous_4)","decl":{"start":{"line":46,"column":23},"end":{"line":46,"column":24}},"loc":{"start":{"line":46,"column":36},"end":{"line":51,"column":5}},"line":46},"5":{"name":"(anonymous_5)","decl":{"start":{"line":47,"column":26},"end":{"line":47,"column":27}},"loc":{"start":{"line":47,"column":32},"end":{"line":50,"column":7}},"line":47},"6":{"name":"stop","decl":{"start":{"line":54,"column":11},"end":{"line":54,"column":15}},"loc":{"start":{"line":54,"column":18},"end":{"line":58,"column":3}},"line":54},"7":{"name":"(anonymous_7)","decl":{"start":{"line":55,"column":23},"end":{"line":55,"column":24}},"loc":{"start":{"line":55,"column":36},"end":{"line":57,"column":5}},"line":55},"8":{"name":"(anonymous_8)","decl":{"start":{"line":56,"column":19},"end":{"line":56,"column":20}},"loc":{"start":{"line":56,"column":25},"end":{"line":56,"column":34}},"line":56}},"branchMap":{"0":{"loc":{"start":{"line":19,"column":36},"end":{"line":19,"column":48}},"type":"default-arg","locations":[{"start":{"line":19,"column":46},"end":{"line":19,"column":48}}],"line":19},"1":{"loc":{"start":{"line":20,"column":15},"end":{"line":20,"column":72}},"type":"binary-expr","locations":[{"start":{"line":20,"column":15},"end":{"line":20,"column":27}},{"start":{"line":20,"column":32},"end":{"line":20,"column":63}},{"start":{"line":20,"column":67},"end":{"line":20,"column":71}}],"line":20},"2":{"loc":{"start":{"line":23,"column":4},"end":{"line":27,"column":5}},"type":"if","locations":[{"start":{"line":23,"column":4},"end":{"line":27,"column":5}},{"start":{},"end":{}}],"line":23},"3":{"loc":{"start":{"line":23,"column":8},"end":{"line":23,"column":53}},"type":"binary-expr","locations":[{"start":{"line":23,"column":8},"end":{"line":23,"column":28}},{"start":{"line":23,"column":32},"end":{"line":23,"column":53}}],"line":23},"4":{"loc":{"start":{"line":29,"column":18},"end":{"line":29,"column":45}},"type":"binary-expr","locations":[{"start":{"line":29,"column":18},"end":{"line":29,"column":36}},{"start":{"line":29,"column":40},"end":{"line":29,"column":45}}],"line":29},"5":{"loc":{"start":{"line":30,"column":19},"end":{"line":30,"column":36}},"type":"cond-expr","locations":[{"start":{"line":30,"column":27},"end":{"line":30,"column":30}},{"start":{"line":30,"column":33},"end":{"line":30,"column":36}}],"line":30},"6":{"loc":{"start":{"line":32,"column":14},"end":{"line":32,"column":39}},"type":"cond-expr","locations":[{"start":{"line":32,"column":22},"end":{"line":32,"column":26}},{"start":{"line":32,"column":29},"end":{"line":32,"column":39}}],"line":32},"7":{"loc":{"start":{"line":34,"column":14},"end":{"line":34,"column":50}},"type":"cond-expr","locations":[{"start":{"line":34,"column":22},"end":{"line":34,"column":46}},{"start":{"line":34,"column":49},"end":{"line":34,"column":50}}],"line":34}},"s":{"0":1,"1":1,"2":3,"3":3,"4":3,"5":1,"6":1,"7":1,"8":2,"9":2,"10":2,"11":2,"12":2,"13":3,"14":0,"15":3,"16":3,"17":3,"18":3,"19":3,"20":3,"21":3,"22":3,"23":3,"24":3,"25":1},"f":{"0":3,"1":3,"2":0,"3":3,"4":3,"5":3,"6":3,"7":3,"8":3},"b":{"0":[0],"1":[3,0,0],"2":[1,2],"3":[3,3],"4":[2,0],"5":[1,1],"6":[1,1],"7":[1,1]},"_coverageSchema":"1a1c01bbd47fc00a2c39e90264f33305004495a9","hash":"c346352064edd5beeb9d47dc911e91229a6a49a0"}
,"/Users/ren/IdeaProjects/starter-series/discord-bot-starter/src/lib/logger.js": {"path":"/Users/ren/IdeaProjects/starter-series/discord-bot-starter/src/lib/logger.js","statementMap":{"0":{"start":{"line":1,"column":15},"end":{"line":1,"column":55}},"1":{"start":{"line":2,"column":14},"end":{"line":2,"column":73}},"2":{"start":{"line":5,"column":2},"end":{"line":5,"column":39}},"3":{"start":{"line":5,"column":32},"end":{"line":5,"column":39}},"4":{"start":{"line":6,"column":16},"end":{"line":12,"column":3}},"5":{"start":{"line":13,"column":14},"end":{"line":13,"column":35}},"6":{"start":{"line":14,"column":2},"end":{"line":14,"column":63}},"7":{"start":{"line":17,"column":0},"end":{"line":22,"column":2}},"8":{"start":{"line":18,"column":30},"end":{"line":18,"column":59}},"9":{"start":{"line":19,"column":29},"end":{"line":19,"column":57}},"10":{"start":{"line":20,"column":29},"end":{"line":20,"column":57}},"11":{"start":{"line":21,"column":30},"end":{"line":21,"column":59}}},"fnMap":{"0":{"name":"log","decl":{"start":{"line":4,"column":9},"end":{"line":4,"column":12}},"loc":{"start":{"line":4,"column":48},"end":{"line":15,"column":1}},"line":4},"1":{"name":"(anonymous_1)","decl":{"start":{"line":18,"column":9},"end":{"line":18,"column":10}},"loc":{"start":{"line":18,"column":30},"end":{"line":18,"column":59}},"line":18},"2":{"name":"(anonymous_2)","decl":{"start":{"line":19,"column":8},"end":{"line":19,"column":9}},"loc":{"start":{"line":19,"column":29},"end":{"line":19,"column":57}},"line":19},"3":{"name":"(anonymous_3)","decl":{"start":{"line":20,"column":8},"end":{"line":20,"column":9}},"loc":{"start":{"line":20,"column":29},"end":{"line":20,"column":57}},"line":20},"4":{"name":"(anonymous_4)","decl":{"start":{"line":21,"column":9},"end":{"line":21,"column":10}},"loc":{"start":{"line":21,"column":30},"end":{"line":21,"column":59}},"line":21}},"branchMap":{"0":{"loc":{"start":{"line":2,"column":14},"end":{"line":2,"column":73}},"type":"binary-expr","locations":[{"start":{"line":2,"column":14},"end":{"line":2,"column":58}},{"start":{"line":2,"column":62},"end":{"line":2,"column":73}}],"line":2},"1":{"loc":{"start":{"line":5,"column":2},"end":{"line":5,"column":39}},"type":"if","locations":[{"start":{"line":5,"column":2},"end":{"line":5,"column":39}},{"start":{},"end":{}}],"line":5},"2":{"loc":{"start":{"line":11,"column":8},"end":{"line":11,"column":26}},"type":"binary-expr","locations":[{"start":{"line":11,"column":8},"end":{"line":11,"column":13}},{"start":{"line":11,"column":17},"end":{"line":11,"column":26}}],"line":11},"3":{"loc":{"start":{"line":14,"column":2},"end":{"line":14,"column":62}},"type":"cond-expr","locations":[{"start":{"line":14,"column":25},"end":{"line":14,"column":43}},{"start":{"line":14,"column":46},"end":{"line":14,"column":62}}],"line":14}},"s":{"0":2,"1":2,"2":3,"3":0,"4":3,"5":3,"6":3,"7":2,"8":0,"9":3,"10":0,"11":0},"f":{"0":3,"1":0,"2":3,"3":0,"4":0},"b":{"0":[2,2],"1":[0,3],"2":[3,0],"3":[0,3]},"_coverageSchema":"1a1c01bbd47fc00a2c39e90264f33305004495a9","hash":"4406b84f4fd1da35d67fd4f1c3e3720f7d88e67b"}
,"/Users/ren/IdeaProjects/starter-series/discord-bot-starter/src/lib/rate-limiter.js": {"path":"/Users/ren/IdeaProjects/starter-series/discord-bot-starter/src/lib/rate-limiter.js","statementMap":{"0":{"start":{"line":16,"column":16},"end":{"line":16,"column":25}},"1":{"start":{"line":18,"column":2},"end":{"line":45,"column":4}},"2":{"start":{"line":25,"column":18},"end":{"line":25,"column":28}},"3":{"start":{"line":26,"column":18},"end":{"line":26,"column":32}},"4":{"start":{"line":27,"column":6},"end":{"line":30,"column":7}},"5":{"start":{"line":28,"column":8},"end":{"line":28,"column":41}},"6":{"start":{"line":29,"column":8},"end":{"line":29,"column":30}},"7":{"start":{"line":31,"column":6},"end":{"line":31,"column":20}},"8":{"start":{"line":32,"column":6},"end":{"line":34,"column":7}},"9":{"start":{"line":33,"column":8},"end":{"line":33,"column":79}},"10":{"start":{"line":35,"column":6},"end":{"line":35,"column":49}},"11":{"start":{"line":40,"column":18},"end":{"line":40,"column":28}},"12":{"start":{"line":41,"column":6},"end":{"line":43,"column":7}},"13":{"start":{"line":42,"column":8},"end":{"line":42,"column":61}},"14":{"start":{"line":42,"column":43},"end":{"line":42,"column":61}},"15":{"start":{"line":48,"column":0},"end":{"line":48,"column":39}}},"fnMap":{"0":{"name":"createRateLimiter","decl":{"start":{"line":15,"column":9},"end":{"line":15,"column":26}},"loc":{"start":{"line":15,"column":59},"end":{"line":46,"column":1}},"line":15},"1":{"name":"(anonymous_1)","decl":{"start":{"line":24,"column":4},"end":{"line":24,"column":5}},"loc":{"start":{"line":24,"column":15},"end":{"line":36,"column":5}},"line":24},"2":{"name":"(anonymous_2)","decl":{"start":{"line":39,"column":4},"end":{"line":39,"column":5}},"loc":{"start":{"line":39,"column":14},"end":{"line":44,"column":5}},"line":39}},"branchMap":{"0":{"loc":{"start":{"line":15,"column":27},"end":{"line":15,"column":38}},"type":"default-arg","locations":[{"start":{"line":15,"column":37},"end":{"line":15,"column":38}}],"line":15},"1":{"loc":{"start":{"line":15,"column":40},"end":{"line":15,"column":57}},"type":"default-arg","locations":[{"start":{"line":15,"column":51},"end":{"line":15,"column":57}}],"line":15},"2":{"loc":{"start":{"line":27,"column":6},"end":{"line":30,"column":7}},"type":"if","locations":[{"start":{"line":27,"column":6},"end":{"line":30,"column":7}},{"start":{},"end":{}}],"line":27},"3":{"loc":{"start":{"line":27,"column":10},"end":{"line":27,"column":49}},"type":"binary-expr","locations":[{"start":{"line":27,"column":10},"end":{"line":27,"column":16}},{"start":{"line":27,"column":20},"end":{"line":27,"column":49}}],"line":27},"4":{"loc":{"start":{"line":32,"column":6},"end":{"line":34,"column":7}},"type":"if","locations":[{"start":{"line":32,"column":6},"end":{"line":34,"column":7}},{"start":{},"end":{}}],"line":32},"5":{"loc":{"start":{"line":42,"column":8},"end":{"line":42,"column":61}},"type":"if","locations":[{"start":{"line":42,"column":8},"end":{"line":42,"column":61}},{"start":{},"end":{}}],"line":42}},"s":{"0":1,"1":1,"2":0,"3":0,"4":0,"5":0,"6":0,"7":0,"8":0,"9":0,"10":0,"11":0,"12":0,"13":0,"14":0,"15":1},"f":{"0":1,"1":0,"2":0},"b":{"0":[0],"1":[0],"2":[0,0],"3":[0,0],"4":[0,0],"5":[0,0]},"_coverageSchema":"1a1c01bbd47fc00a2c39e90264f33305004495a9","hash":"a9dc15d4a798632710b6702a7429d6e3d6aeb989"}
,"/Users/ren/IdeaProjects/starter-series/discord-bot-starter/src/lib/safe-interaction.js": {"path":"/Users/ren/IdeaProjects/starter-series/discord-bot-starter/src/lib/safe-interaction.js","statementMap":{"0":{"start":{"line":1,"column":28},"end":{"line":1,"column":49}},"1":{"start":{"line":2,"column":15},"end":{"line":2,"column":34}},"2":{"start":{"line":8,"column":28},"end":{"line":11,"column":2}},"3":{"start":{"line":24,"column":2},"end":{"line":47,"column":3}},"4":{"start":{"line":25,"column":4},"end":{"line":27,"column":5}},"5":{"start":{"line":26,"column":6},"end":{"line":26,"column":49}},"6":{"start":{"line":28,"column":4},"end":{"line":28,"column":44}},"7":{"start":{"line":30,"column":4},"end":{"line":36,"column":5}},"8":{"start":{"line":31,"column":6},"end":{"line":34,"column":9}},"9":{"start":{"line":35,"column":6},"end":{"line":35,"column":18}},"10":{"start":{"line":37,"column":4},"end":{"line":42,"column":5}},"11":{"start":{"line":38,"column":6},"end":{"line":40,"column":9}},"12":{"start":{"line":41,"column":6},"end":{"line":41,"column":18}},"13":{"start":{"line":43,"column":4},"end":{"line":45,"column":7}},"14":{"start":{"line":46,"column":4},"end":{"line":46,"column":16}},"15":{"start":{"line":50,"column":0},"end":{"line":50,"column":33}}},"fnMap":{"0":{"name":"safeRespond","decl":{"start":{"line":23,"column":15},"end":{"line":23,"column":26}},"loc":{"start":{"line":23,"column":49},"end":{"line":48,"column":1}},"line":23}},"branchMap":{"0":{"loc":{"start":{"line":25,"column":4},"end":{"line":27,"column":5}},"type":"if","locations":[{"start":{"line":25,"column":4},"end":{"line":27,"column":5}},{"start":{},"end":{}}],"line":25},"1":{"loc":{"start":{"line":25,"column":8},"end":{"line":25,"column":51}},"type":"binary-expr","locations":[{"start":{"line":25,"column":8},"end":{"line":25,"column":27}},{"start":{"line":25,"column":31},"end":{"line":25,"column":51}}],"line":25},"2":{"loc":{"start":{"line":30,"column":4},"end":{"line":36,"column":5}},"type":"if","locations":[{"start":{"line":30,"column":4},"end":{"line":36,"column":5}},{"start":{},"end":{}}],"line":30},"3":{"loc":{"start":{"line":30,"column":8},"end":{"line":30,"column":79}},"type":"binary-expr","locations":[{"start":{"line":30,"column":8},"end":{"line":30,"column":40}},{"start":{"line":30,"column":44},"end":{"line":30,"column":79}}],"line":30},"4":{"loc":{"start":{"line":37,"column":4},"end":{"line":42,"column":5}},"type":"if","locations":[{"start":{"line":37,"column":4},"end":{"line":42,"column":5}},{"start":{},"end":{}}],"line":37},"5":{"loc":{"start":{"line":37,"column":8},"end":{"line":37,"column":63}},"type":"binary-expr","locations":[{"start":{"line":37,"column":8},"end":{"line":37,"column":40}},{"start":{"line":37,"column":44},"end":{"line":37,"column":63}}],"line":37},"6":{"loc":{"start":{"line":39,"column":20},"end":{"line":39,"column":65}},"type":"binary-expr","locations":[{"start":{"line":39,"column":20},"end":{"line":39,"column":36}},{"start":{"line":39,"column":40},"end":{"line":39,"column":57}},{"start":{"line":39,"column":61},"end":{"line":39,"column":65}}],"line":39},"7":{"loc":{"start":{"line":44,"column":13},"end":{"line":44,"column":44}},"type":"binary-expr","locations":[{"start":{"line":44,"column":13},"end":{"line":44,"column":27}},{"start":{"line":44,"column":31},"end":{"line":44,"column":44}}],"line":44}},"s":{"0":1,"1":1,"2":1,"3":0,"4":0,"5":0,"6":0,"7":0,"8":0,"9":0,"10":0,"11":0,"12":0,"13":0,"14":0,"15":1},"f":{"0":0},"b":{"0":[0,0],"1":[0,0],"2":[0,0],"3":[0,0],"4":[0,0],"5":[0,0],"6":[0,0,0],"7":[0,0]},"_coverageSchema":"1a1c01bbd47fc00a2c39e90264f33305004495a9","hash":"567dd7150bc20d7b07446572fb21da4003772173"}
}
