TN:
SF:src/commands/help.js
FN:8,(anonymous_0)
FN:15,(anonymous_1)
FNF:2
FNH:0
FNDA:0,(anonymous_0)
FNDA:0,(anonymous_1)
DA:1,1
DA:3,1
DA:9,0
DA:10,0
DA:15,0
DA:19,0
LF:6
LH:2
BRF:0
BRH:0
end_of_record
TN:
SF:src/commands/ping.js
FN:8,(anonymous_0)
FNF:1
FNH:1
FNDA:1,(anonymous_0)
DA:1,1
DA:3,1
DA:9,1
DA:13,1
DA:14,1
DA:15,1
LF:6
LH:6
BRF:0
BRH:0
end_of_record
TN:
SF:src/commands/search.js
FN:21,(anonymous_0)
FN:29,(anonymous_1)
FN:34,(anonymous_2)
FN:36,(anonymous_3)
FN:39,(anonymous_4)
FNF:5
FNH:5
FNDA:1,(anonymous_0)
FNDA:1,(anonymous_1)
FNDA:1,(anonymous_2)
FNDA:10,(anonymous_3)
FNDA:2,(anonymous_4)
DA:1,1
DA:4,1
DA:17,1
DA:22,1
DA:30,1
DA:31,1
DA:35,1
DA:36,10
DA:39,2
DA:41,1
LF:10
LH:10
BRF:0
BRH:0
end_of_record
TN:
SF:src/events/error.js
FN:6,(anonymous_0)
FNF:1
FNH:0
FNDA:0,(anonymous_0)
DA:1,1
DA:2,1
DA:4,1
DA:7,0
LF:4
LH:3
BRF:0
BRH:0
end_of_record
TN:
SF:src/events/interactionCreate.js
FN:8,(anonymous_0)
FN:12,(anonymous_1)
FNF:2
FNH:0
FNDA:0,(anonymous_0)
FNDA:0,(anonymous_1)
DA:1,1
DA:2,1
DA:3,1
DA:4,1
DA:6,1
DA:8,1
DA:10,1
DA:14,0
DA:15,0
DA:16,0
DA:17,0
DA:18,0
DA:20,0
DA:22,0
DA:25,0
DA:27,0
DA:28,0
DA:29,0
DA:30,0
DA:34,0
DA:37,0
DA:38,0
DA:39,0
DA:40,0
DA:44,0
DA:47,0
DA:48,0
DA:50,0
DA:51,0
LF:29
LH:7
BRDA:14,0,0,0
BRDA:14,0,1,0
BRDA:16,1,0,0
BRDA:16,1,1,0
BRDA:16,2,0,0
BRDA:16,2,1,0
BRDA:25,3,0,0
BRDA:25,3,1,0
BRDA:28,4,0,0
BRDA:28,4,1,0
BRDA:38,5,0,0
BRDA:38,5,1,0
BRF:12
BRH:0
end_of_record
TN:
SF:src/events/ready.js
FN:7,(anonymous_0)
FNF:1
FNH:0
FNDA:0,(anonymous_0)
DA:1,1
DA:2,1
DA:4,1
DA:8,0
LF:4
LH:3
BRF:0
BRH:0
end_of_record
TN:
SF:src/events/warn.js
FN:6,(anonymous_0)
FNF:1
FNH:0
FNDA:0,(anonymous_0)
DA:1,1
DA:2,1
DA:4,1
DA:7,0
LF:4
LH:3
BRF:0
BRH:0
end_of_record
TN:
SF:src/lib/health.js
FN:19,createHealthServer
FN:22,(anonymous_1)
FN:41,(anonymous_2)
FN:45,start
FN:46,(anonymous_4)
FN:47,(anonymous_5)
FN:54,stop
FN:55,(anonymous_7)
FN:56,(anonymous_8)
FNF:9
FNH:8
FNDA:3,createHealthServer
FNDA:3,(anonymous_1)
FNDA:0,(anonymous_2)
FNDA:3,start
FNDA:3,(anonymous_4)
FNDA:3,(anonymous_5)
FNDA:3,stop
FNDA:3,(anonymous_7)
FNDA:3,(anonymous_8)
DA:1,1
DA:2,1
DA:20,3
DA:22,3
DA:23,3
DA:24,1
DA:25,1
DA:26,1
DA:29,2
DA:30,2
DA:31,2
DA:37,2
DA:38,2
DA:41,3
DA:42,0
DA:46,3
DA:47,3
DA:48,3
DA:49,3
DA:55,3
DA:56,3
DA:60,3
DA:61,3
DA:62,3
DA:65,1
LF:25
LH:24
BRDA:19,0,0,0
BRDA:20,1,0,3
BRDA:20,1,1,0
BRDA:20,1,2,0
BRDA:23,2,0,1
BRDA:23,2,1,2
BRDA:23,3,0,3
BRDA:23,3,1,3
BRDA:29,4,0,2
BRDA:29,4,1,0
BRDA:30,5,0,1
BRDA:30,5,1,1
BRDA:32,6,0,1
BRDA:32,6,1,1
BRDA:34,7,0,1
BRDA:34,7,1,1
BRF:16
BRH:12
end_of_record
TN:
SF:src/lib/logger.js
FN:4,log
FN:18,(anonymous_1)
FN:19,(anonymous_2)
FN:20,(anonymous_3)
FN:21,(anonymous_4)
FNF:5
FNH:2
FNDA:3,log
FNDA:0,(anonymous_1)
FNDA:3,(anonymous_2)
FNDA:0,(anonymous_3)
FNDA:0,(anonymous_4)
DA:1,2
DA:2,2
DA:5,3
DA:6,3
DA:13,3
DA:14,3
DA:17,2
DA:18,0
DA:19,3
DA:20,0
DA:21,0
LF:11
LH:8
BRDA:2,0,0,2
BRDA:2,0,1,2
BRDA:5,1,0,0
BRDA:5,1,1,3
BRDA:11,2,0,3
BRDA:11,2,1,0
BRDA:14,3,0,0
BRDA:14,3,1,3
BRF:8
BRH:5
end_of_record
TN:
SF:src/lib/rate-limiter.js
FN:15,createRateLimiter
FN:24,(anonymous_1)
FN:39,(anonymous_2)
FNF:3
FNH:1
FNDA:1,createRateLimiter
FNDA:0,(anonymous_1)
FNDA:0,(anonymous_2)
DA:16,1
DA:18,1
DA:25,0
DA:26,0
DA:27,0
DA:28,0
DA:29,0
DA:31,0
DA:32,0
DA:33,0
DA:35,0
DA:40,0
DA:41,0
DA:42,0
DA:48,1
LF:15
LH:3
BRDA:15,0,0,0
BRDA:15,1,0,0
BRDA:27,2,0,0
BRDA:27,2,1,0
BRDA:27,3,0,0
BRDA:27,3,1,0
BRDA:32,4,0,0
BRDA:32,4,1,0
BRDA:42,5,0,0
BRDA:42,5,1,0
BRF:10
BRH:0
end_of_record
TN:
SF:src/lib/safe-interaction.js
FN:23,safeRespond
FNF:1
FNH:0
FNDA:0,safeRespond
DA:1,1
DA:2,1
DA:8,1
DA:24,0
DA:25,0
DA:26,0
DA:28,0
DA:30,0
DA:31,0
DA:35,0
DA:37,0
DA:38,0
DA:41,0
DA:43,0
DA:46,0
DA:50,1
LF:16
LH:4
BRDA:25,0,0,0
BRDA:25,0,1,0
BRDA:25,1,0,0
BRDA:25,1,1,0
BRDA:30,2,0,0
BRDA:30,2,1,0
BRDA:30,3,0,0
BRDA:30,3,1,0
BRDA:37,4,0,0
BRDA:37,4,1,0
BRDA:37,5,0,0
BRDA:37,5,1,0
BRDA:39,6,0,0
BRDA:39,6,1,0
BRDA:39,6,2,0
BRDA:44,7,0,0
BRDA:44,7,1,0
BRF:17
BRH:0
end_of_record
